<?xml version="1.0" encoding="utf-8"?><testsuites name="pytest tests"><testsuite name="pytest" errors="0" failures="1" skipped="0" tests="12" time="1.022" timestamp="2026-01-26T05:28:51.880321+00:00" hostname="agent-env-12fe6c70-83c7-4160-adc6-38aaffabc955"><testcase classname="backend.tests.test_admob_features.TestAdminAuth" name="test_admin_signin" time="0.357" /><testcase classname="backend.tests.test_admob_features.TestAdminAuth" name="test_invalid_credentials" time="0.046" /><testcase classname="backend.tests.test_admob_features.TestPublicAdMobEndpoint" name="test_public_admob_settings_accessible" time="0.041" /><testcase classname="backend.tests.test_admob_features.TestPublicAdMobEndpoint" name="test_public_admob_returns_correct_defaults" time="0.044" /><testcase classname="backend.tests.test_admob_features.TestAdMobSettingsAPI" name="test_get_admob_settings_requires_auth" time="0.037"><failure message="AssertionError: Expected 401 without auth, got 403&#10;assert 403 == 401&#10; +  where 403 = &lt;Response [403]&gt;.status_code">backend/tests/test_admob_features.py:96: in test_get_admob_settings_requires_auth
    assert response.status_code == 401, f"Expected 401 without auth, got {response.status_code}"
E   AssertionError: Expected 401 without auth, got 403
E   assert 403 == 401
E    +  where 403 = &lt;Response [403]&gt;.status_code</failure></testcase><testcase classname="backend.tests.test_admob_features.TestAdMobSettingsAPI" name="test_get_admob_settings_with_auth" time="0.045" /><testcase classname="backend.tests.test_admob_features.TestAdMobSettingsAPI" name="test_post_admob_settings" time="0.097" /><testcase classname="backend.tests.test_admob_features.TestAdMobSettingsAPI" name="test_public_admob_reflects_saved_settings" time="0.045" /><testcase classname="backend.tests.test_admob_features.TestOtherAdminEndpoints" name="test_dashboard_stats" time="0.052" /><testcase classname="backend.tests.test_admob_features.TestOtherAdminEndpoints" name="test_ai_models_settings" time="0.046" /><testcase classname="backend.tests.test_admob_features.TestOtherAdminEndpoints" name="test_public_oauth_settings" time="0.081" /><testcase classname="backend.tests.test_admob_features.TestCleanup" name="test_reset_admob_settings" time="0.044" /></testsuite></testsuites>