<?xml version="1.0" encoding="utf-8"?><testsuites name="pytest tests"><testsuite name="pytest" errors="0" failures="0" skipped="2" tests="15" time="0.763" timestamp="2026-02-13T07:51:40.503424+00:00" hostname="agent-env-e40aa104-3bbb-42ff-b4cf-2a8293f25547"><testcase classname="backend.tests.test_analytics_and_2fa.TestAnalyticsAPIs" name="test_platform_overview_returns_200" time="0.109" /><testcase classname="backend.tests.test_analytics_and_2fa.TestAnalyticsAPIs" name="test_platform_overview_daily_stats" time="0.055" /><testcase classname="backend.tests.test_analytics_and_2fa.TestAnalyticsAPIs" name="test_top_ads_returns_200" time="0.039" /><testcase classname="backend.tests.test_analytics_and_2fa.TestAnalyticsAPIs" name="test_top_ads_with_limit" time="0.048" /><testcase classname="backend.tests.test_analytics_and_2fa.TestTwoFactorAuthAPIs" name="test_send_login_code_valid_email" time="0.042" /><testcase classname="backend.tests.test_analytics_and_2fa.TestTwoFactorAuthAPIs" name="test_send_login_code_nonexistent_email" time="0.046" /><testcase classname="backend.tests.test_analytics_and_2fa.TestTwoFactorAuthAPIs" name="test_send_login_code_missing_email" time="0.039" /><testcase classname="backend.tests.test_analytics_and_2fa.TestTwoFactorAuthAPIs" name="test_enable_2fa_requires_auth" time="0.035" /><testcase classname="backend.tests.test_analytics_and_2fa.TestTwoFactorAuthAPIs" name="test_2fa_status_requires_auth" time="0.042" /><testcase classname="backend.tests.test_analytics_and_2fa.TestTwoFactorAuthAPIs" name="test_verify_2fa_requires_auth" time="0.038" /><testcase classname="backend.tests.test_analytics_and_2fa.TestTwoFactorAuthAPIs" name="test_validate_2fa_invalid_code" time="0.038" /><testcase classname="backend.tests.test_analytics_and_2fa.TestAuthenticatedTwoFactorAPIs" name="test_enable_2fa_with_auth" time="0.044"><skipped type="pytest.skip" message="Could not authenticate with demo account">/app/backend/tests/test_analytics_and_2fa.py:241: Could not authenticate with demo account</skipped></testcase><testcase classname="backend.tests.test_analytics_and_2fa.TestAuthenticatedTwoFactorAPIs" name="test_2fa_status_with_auth" time="0.040"><skipped type="pytest.skip" message="Could not authenticate with demo account">/app/backend/tests/test_analytics_and_2fa.py:262: Could not authenticate with demo account</skipped></testcase><testcase classname="backend.tests.test_analytics_and_2fa.TestHealthAndBasicEndpoints" name="test_health_check" time="0.039" /><testcase classname="backend.tests.test_analytics_and_2fa.TestHealthAndBasicEndpoints" name="test_api_root" time="0.043" /></testsuite></testsuites>