<?xml version="1.0" encoding="utf-8"?><testsuites name="pytest tests"><testsuite name="pytest" errors="0" failures="0" skipped="0" tests="9" time="0.811" timestamp="2026-02-13T07:33:24.958808+00:00" hostname="agent-env-e40aa104-3bbb-42ff-b4cf-2a8293f25547"><testcase classname="backend.tests.test_comments_api.TestCommentsAPI" name="test_get_comments_for_ad_returns_200" time="0.179" /><testcase classname="backend.tests.test_comments_api.TestCommentsAPI" name="test_get_comments_for_nonexistent_ad_returns_empty_list" time="0.090" /><testcase classname="backend.tests.test_comments_api.TestCommentsAPI" name="test_get_comments_with_pagination" time="0.090" /><testcase classname="backend.tests.test_comments_api.TestCommentsAPI" name="test_post_comment_without_auth_returns_error" time="0.081" /><testcase classname="backend.tests.test_comments_api.TestCommentsAPI" name="test_like_comment_without_auth_returns_error" time="0.081" /><testcase classname="backend.tests.test_comments_api.TestCommentsAPI" name="test_delete_comment_without_auth_returns_error" time="0.074" /><testcase classname="backend.tests.test_comments_api.TestCommentsAPI" name="test_get_user_comments_without_auth_returns_error" time="0.082" /><testcase classname="backend.tests.test_comments_api.TestAdsAPI" name="test_get_ads_returns_200" time="0.041" /><testcase classname="backend.tests.test_comments_api.TestHealthAPI" name="test_health_endpoint" time="0.035" /></testsuite></testsuites>