<?xml version="1.0" encoding="utf-8"?><testsuites name="pytest tests"><testsuite name="pytest" errors="0" failures="0" skipped="0" tests="14" time="2.448" timestamp="2026-01-23T11:16:11.311405+00:00" hostname="agent-env-2aa7f538-4306-4c0c-835b-a106f5797d57"><testcase classname="tests.test_saqr_api.TestHealthCheck" name="test_api_root" time="0.073" /><testcase classname="tests.test_saqr_api.TestEmailAuthentication" name="test_register_new_user" time="0.262" /><testcase classname="tests.test_saqr_api.TestEmailAuthentication" name="test_register_duplicate_email" time="0.305" /><testcase classname="tests.test_saqr_api.TestEmailAuthentication" name="test_login_with_email" time="0.528" /><testcase classname="tests.test_saqr_api.TestEmailAuthentication" name="test_login_invalid_credentials" time="0.038" /><testcase classname="tests.test_saqr_api.TestEmailAuthentication" name="test_get_current_user_unauthorized" time="0.038" /><testcase classname="tests.test_saqr_api.TestAdsAPI" name="test_get_ads_public" time="0.043" /><testcase classname="tests.test_saqr_api.TestAdvertiserAPI" name="test_get_pricing" time="0.037" /><testcase classname="tests.test_saqr_api.TestAdvertiserAPI" name="test_create_advertiser_ad" time="0.038" /><testcase classname="tests.test_saqr_api.TestAdminAuth" name="test_admin_login" time="0.303" /><testcase classname="tests.test_saqr_api.TestAdminAuth" name="test_admin_login_invalid" time="0.306" /><testcase classname="tests.test_saqr_api.TestAdminDashboard" name="test_dashboard_stats" time="0.346" /><testcase classname="tests.test_saqr_api.TestAdminDashboard" name="test_dashboard_stats_unauthorized" time="0.039" /><testcase classname="tests.test_saqr_api.TestLogout" name="test_logout" time="0.036" /></testsuite></testsuites>