<?xml version="1.0" encoding="utf-8"?><testsuites name="pytest tests"><testsuite name="pytest" errors="0" failures="2" skipped="2" tests="10" time="0.547" timestamp="2026-01-27T04:17:09.843593+00:00" hostname="agent-env-844754c5-218b-40d4-9f3e-4dee57a36eaf"><testcase classname="tests.test_rewards_api.TestPublicRewardsAPI" name="test_get_public_rewards_settings" time="0.077" /><testcase classname="tests.test_rewards_api.TestPublicRewardsAPI" name="test_daily_challenges_structure" time="0.050" /><testcase classname="tests.test_rewards_api.TestPublicRewardsAPI" name="test_tips_structure" time="0.038" /><testcase classname="tests.test_rewards_api.TestHealthAPI" name="test_health_check" time="0.042" /><testcase classname="tests.test_rewards_api.TestPublicAdsAPI" name="test_get_public_ads" time="0.051" /><testcase classname="tests.test_rewards_api.TestAdminAuth" name="test_admin_login_success" time="0.040"><failure message="AssertionError: Expected 200, got 404: {&quot;detail&quot;:&quot;Not Found&quot;}&#10;assert 404 == 200&#10; +  where 404 = &lt;Response [404]&gt;.status_code">tests/test_rewards_api.py:131: in test_admin_login_success
    assert response.status_code == 200, f"Expected 200, got {response.status_code}: {response.text}"
E   AssertionError: Expected 200, got 404: {"detail":"Not Found"}
E   assert 404 == 200
E    +  where 404 = &lt;Response [404]&gt;.status_code</failure></testcase><testcase classname="tests.test_rewards_api.TestAdminAuth" name="test_admin_login_invalid_credentials" time="0.037"><failure message="AssertionError: Expected 401/403, got 404&#10;assert 404 in [401, 403]&#10; +  where 404 = &lt;Response [404]&gt;.status_code">tests/test_rewards_api.py:150: in test_admin_login_invalid_credentials
    assert response.status_code in [401, 403], f"Expected 401/403, got {response.status_code}"
E   AssertionError: Expected 401/403, got 404
E   assert 404 in [401, 403]
E    +  where 404 = &lt;Response [404]&gt;.status_code</failure></testcase><testcase classname="tests.test_rewards_api.TestAdminRewardsSettings" name="test_get_admin_rewards_settings" time="0.033"><skipped type="pytest.skip" message="Admin login failed">/app/backend/tests/test_rewards_api.py:171: Admin login failed</skipped></testcase><testcase classname="tests.test_rewards_api.TestAdminRewardsSettings" name="test_update_admin_rewards_settings" time="0.032"><skipped type="pytest.skip" message="Admin login failed">/app/backend/tests/test_rewards_api.py:185: Admin login failed</skipped></testcase><testcase classname="tests.test_rewards_api.TestRewardedAdsAPI" name="test_get_rewarded_leaderboard" time="0.045" /></testsuite></testsuites>